# JRE version: OpenJDK Runtime Environment OpenLogic-OpenJDK (17.0.5+8) (build 17.0.5+8-adhoc..jdk17u)
# Java VM: OpenJDK 64-Bit Server VM OpenLogic-OpenJDK (17.0.5+8-adhoc..jdk17u, mixed mode, sharing, tiered, compressed oops, compressed class ptrs, g1 gc, windows-amd64)
GC Precious Log:
 CPUs: 4 total, 4 available
 Memory: 8071M
 Large Page Support: Disabled
 NUMA Support: Disabled
 Compressed Oops: Enabled (32-bit)
 Heap Region Size: 1M
 Heap Min Capacity: 8M
 Heap Initial Capacity: 128M
 Heap Max Capacity: 2G
 Pre-touch: Disabled
 Parallel Workers: 4
 Concurrent Workers: 1
 Concurrent Refinement Workers: 4
 Periodic GC: Disabled
Heap:
 garbage-first heap   total 337920K, used 149061K [0x0000000080000000, 0x0000000100000000)
  region size 1024K, 12 young (12288K), 12 survivors (12288K)
 Metaspace       used 108579K, committed 109504K, reserved 520192K
  class space    used 14707K, committed 15168K, reserved 421888K
GC Heap History (20 events):
Event: 340.341 GC heap after
{Heap after GC invocations=58 (full 0):
 garbage-first heap   total 245760K, used 130098K [0x0000000080000000, 0x0000000100000000)
  region size 1024K, 8 young (8192K), 8 survivors (8192K)
 Metaspace       used 97661K, committed 98496K, reserved 512000K
  class space    used 13402K, committed 13824K, reserved 421888K
}
Event: 340.380 GC heap before
{Heap before GC invocations=58 (full 0):
 garbage-first heap   total 245760K, used 135218K [0x0000000080000000, 0x0000000100000000)
  region size 1024K, 13 young (13312K), 8 survivors (8192K)
 Metaspace       used 97662K, committed 98560K, reserved 512000K
  class space    used 13402K, committed 13824K, reserved 421888K
}
Event: 340.835 GC heap after
{Heap after GC invocations=59 (full 0):
 garbage-first heap   total 245760K, used 131097K [0x0000000080000000, 0x0000000100000000)
  region size 1024K, 2 young (2048K), 2 survivors (2048K)
 Metaspace       used 97662K, committed 98560K, reserved 512000K
  class space    used 13402K, committed 13824K, reserved 421888K
}
Event: 364.594 GC heap before
{Heap before GC invocations=59 (full 0):
 garbage-first heap   total 245760K, used 181273K [0x0000000080000000, 0x0000000100000000)
  region size 1024K, 52 young (53248K), 2 survivors (2048K)
 Metaspace       used 99968K, committed 100800K, reserved 512000K
  class space    used 13591K, committed 13952K, reserved 421888K
}
Event: 364.604 GC heap after
{Heap after GC invocations=60 (full 0):
 garbage-first heap   total 245760K, used 132506K [0x0000000080000000, 0x0000000100000000)
  region size 1024K, 3 young (3072K), 3 survivors (3072K)
 Metaspace       used 99968K, committed 100800K, reserved 512000K
  class space    used 13591K, committed 13952K, reserved 421888K
}
Event: 423.007 GC heap before
{Heap before GC invocations=60 (full 0):
 garbage-first heap   total 245760K, used 195994K [0x0000000080000000, 0x0000000100000000)
  region size 1024K, 66 young (67584K), 3 survivors (3072K)
 Metaspace       used 100315K, committed 101184K, reserved 512000K
  class space    used 13594K, committed 13952K, reserved 421888K
}
Event: 423.052 GC heap after
{Heap after GC invocations=61 (full 0):
 garbage-first heap   total 245760K, used 133405K [0x0000000080000000, 0x0000000100000000)
  region size 1024K, 4 young (4096K), 4 survivors (4096K)
 Metaspace       used 100315K, committed 101184K, reserved 512000K
  class space    used 13594K, committed 13952K, reserved 421888K
}
Event: 704.357 GC heap before
{Heap before GC invocations=62 (full 0):
 garbage-first heap   total 245760K, used 207133K [0x0000000080000000, 0x0000000100000000)
  region size 1024K, 77 young (78848K), 4 survivors (4096K)
 Metaspace       used 100328K, committed 101184K, reserved 512000K
  class space    used 13583K, committed 13952K, reserved 421888K
}
Event: 704.968 GC heap after
{Heap after GC invocations=63 (full 0):
 garbage-first heap   total 245760K, used 134321K [0x0000000080000000, 0x0000000100000000)
  region size 1024K, 5 young (5120K), 5 survivors (5120K)
 Metaspace       used 100328K, committed 101184K, reserved 512000K
  class space    used 13583K, committed 13952K, reserved 421888K
}
Event: 705.365 GC heap before
{Heap before GC invocations=63 (full 0):
 garbage-first heap   total 245760K, used 140465K [0x0000000080000000, 0x0000000100000000)
  region size 1024K, 12 young (12288K), 5 survivors (5120K)
 Metaspace       used 100328K, committed 101184K, reserved 512000K
  class space    used 13583K, committed 13952K, reserved 421888K
}
Event: 705.749 GC heap after
{Heap after GC invocations=64 (full 0):
 garbage-first heap   total 245760K, used 132341K [0x0000000080000000, 0x0000000100000000)
  region size 1024K, 1 young (1024K), 1 survivors (1024K)
 Metaspace       used 100328K, committed 101184K, reserved 512000K
  class space    used 13583K, committed 13952K, reserved 421888K
}
Event: 710.706 GC heap before
{Heap before GC invocations=64 (full 0):
 garbage-first heap   total 245760K, used 209141K [0x0000000080000000, 0x0000000100000000)
  region size 1024K, 77 young (78848K), 1 survivors (1024K)
 Metaspace       used 100377K, committed 101248K, reserved 512000K
  class space    used 13588K, committed 13952K, reserved 421888K
}
Event: 710.710 GC heap after
{Heap after GC invocations=65 (full 0):
 garbage-first heap   total 245760K, used 133505K [0x0000000080000000, 0x0000000100000000)
  region size 1024K, 2 young (2048K), 2 survivors (2048K)
 Metaspace       used 100377K, committed 101248K, reserved 512000K
  class space    used 13588K, committed 13952K, reserved 421888K
}
Event: 711.808 GC heap before
{Heap before GC invocations=65 (full 0):
 garbage-first heap   total 245760K, used 192897K [0x0000000080000000, 0x0000000100000000)
  region size 1024K, 62 young (63488K), 2 survivors (2048K)
 Metaspace       used 100377K, committed 101248K, reserved 512000K
  class space    used 13588K, committed 13952K, reserved 421888K
}
Event: 711.844 GC heap after
{Heap after GC invocations=66 (full 0):
 garbage-first heap   total 245760K, used 134250K [0x0000000080000000, 0x0000000100000000)
  region size 1024K, 3 young (3072K), 3 survivors (3072K)
 Metaspace       used 100377K, committed 101248K, reserved 512000K
  class space    used 13588K, committed 13952K, reserved 421888K
}
Event: 714.737 GC heap before
{Heap before GC invocations=67 (full 0):
 garbage-first heap   total 337920K, used 213098K [0x0000000080000000, 0x0000000100000000)
  region size 1024K, 79 young (80896K), 3 survivors (3072K)
 Metaspace       used 101609K, committed 102528K, reserved 512000K
  class space    used 13728K, committed 14144K, reserved 421888K
}
Event: 714.750 GC heap after
{Heap after GC invocations=68 (full 0):
 garbage-first heap   total 337920K, used 138136K [0x0000000080000000, 0x0000000100000000)
  region size 1024K, 6 young (6144K), 6 survivors (6144K)
 Metaspace       used 101609K, committed 102528K, reserved 512000K
  class space    used 13728K, committed 14144K, reserved 421888K
}
Event: 715.065 GC heap before
{Heap before GC invocations=68 (full 0):
 garbage-first heap   total 337920K, used 148376K [0x0000000080000000, 0x0000000100000000)
  region size 1024K, 16 young (16384K), 6 survivors (6144K)
 Metaspace       used 102181K, committed 103104K, reserved 512000K
  class space    used 13798K, committed 14208K, reserved 421888K
}
Event: 715.114 GC heap after
{Heap after GC invocations=69 (full 0):
 garbage-first heap   total 337920K, used 139300K [0x0000000080000000, 0x0000000100000000)
  region size 1024K, 2 young (2048K), 2 survivors (2048K)
 Metaspace       used 102181K, committed 103104K, reserved 512000K
  class space    used 13798K, committed 14208K, reserved 421888K
}
Event: 722.699 GC heap before
{Heap before GC invocations=69 (full 0):
 garbage-first heap   total 337920K, used 252964K [0x0000000080000000, 0x0000000100000000)
  region size 1024K, 113 young (115712K), 2 survivors (2048K)
 Metaspace       used 108579K, committed 109504K, reserved 520192K
  class space    used 14707K, committed 15168K, reserved 421888K
}

